<?xml version="1.0" encoding="UTF-8"?>
<testng-results ignored="0" total="1" passed="1" failed="0" skipped="0">
  <reporter-output>
  </reporter-output>
  <suite started-at="2025-07-14T00:53:48 IST" name="Surefire suite" finished-at="2025-07-14T00:53:58 IST" duration-ms="9449">
    <groups>
    </groups>
    <test started-at="2025-07-14T00:53:48 IST" name="Surefire test" finished-at="2025-07-14T00:53:58 IST" duration-ms="9449">
      <class name="com.demo.AppTest">
        <test-method is-config="true" signature="setUp()[pri:0, instance:com.demo.AppTest@2b6856dd]" started-at="2025-07-14T00:53:48 IST" name="setUp" finished-at="2025-07-14T00:53:57 IST" duration-ms="8870" status="PASS">
          <reporter-output>
          </reporter-output>
        </test-method> <!-- setUp -->
        <test-method signature="openGoogle()[pri:0, instance:com.demo.AppTest@2b6856dd]" started-at="2025-07-14T00:53:57 IST" name="openGoogle" finished-at="2025-07-14T00:53:58 IST" duration-ms="447" status="PASS">
          <reporter-output>
          </reporter-output>
        </test-method> <!-- openGoogle -->
        <test-method is-config="true" signature="tearDown()[pri:0, instance:com.demo.AppTest@2b6856dd]" started-at="2025-07-14T00:53:58 IST" name="tearDown" finished-at="2025-07-14T00:53:58 IST" duration-ms="123" status="PASS">
          <reporter-output>
          </reporter-output>
        </test-method> <!-- tearDown -->
      </class> <!-- com.demo.AppTest -->
    </test> <!-- Surefire test -->
  </suite> <!-- Surefire suite -->
</testng-results>
